C:\ReEngine\fui\static\js\client\lv_ui.js
C:\ReEngine\fui\static\js\client\lv_ui.js.map
C:\ReEngine\fui\static\js\client\types\q.d.ts.js
C:\ReEngine\fui\static\js\client\types\q.d.ts.js.map
C:\ReEngine\fui\static\js\client\ui.dp.js
C:\ReEngine\fui\static\js\client\ui.dp.js.map
C:\ReEngine\fui\static\js\client\delete_ui.localize.js
C:\ReEngine\fui\static\js\client\delete_ui.localize.js.map
C:\ReEngine\fui\static\js\client\ui.s2.js
C:\ReEngine\fui\static\js\client\ui.s2.js.map
C:\ReEngine\fui\static\js\client\ui.context.menu.js
C:\ReEngine\fui\static\js\client\ui.context.menu.js.map
C:\ReEngine\fui\static\js\client\ui.searchbox.js
C:\ReEngine\fui\static\js\client\ui.searchbox.js.map
C:\ReEngine\fui\static\js\client\ui.services.js
C:\ReEngine\fui\static\js\client\ui.services.js.map
C:\ReEngine\fui\static\js\client\ui.slickgrid.js
C:\ReEngine\fui\static\js\client\ui.slickgrid.js.map
C:\ReEngine\fui\static\js\client\ui.s_pager.js
C:\ReEngine\fui\static\js\client\ui.s_pager.js.map
C:\ReEngine\fui\static\requirejs_utils.js
C:\ReEngine\fui\static\requirejs_utils.js.map
C:\ReEngine\fui\static\reqUtils.js
C:\ReEngine\fui\static\reqUtils.js.map
